<?xml version="1.0" encoding="UTF-8"?>
<!-- Generated by org.testng.reporters.JUnitReportReporter -->
<testsuite hostname="IN2070121W2" failures="0" tests="1" name="com.qa.zoho.rough.TestCase02" time="28.747" errors="0" timestamp="22 Oct 2018 13:49:59 GMT" skipped="0">
  <testcase classname="com.qa.zoho.rough.TestCase02" name="doLogIn" time="28.747"/>
</testsuite> <!-- com.qa.zoho.rough.TestCase02 -->
