<?xml version="1.0" encoding="UTF-8"?>
<!-- Generated by org.testng.reporters.JUnitReportReporter -->
<testsuite hostname="IN2070121W2" failures="0" tests="1" name="com.qa.zoho.tests.TestCase02" time="0.000" errors="1" timestamp="22 Oct 2018 15:24:01 GMT" skipped="0">
  <testcase classname="com.qa.zoho.tests.TestCase02" name="doLogIn" time="0.000">
    <error message="
Some DataProvider public static java.lang.Object[][] com.qa.zoho.utils.DataUtil.getData(java.lang.String,com.qa.zoho.utils.ExcelReader) parameters unresolved:  at 0 type class java.lang.String
 at 1 type class com.qa.zoho.utils.ExcelReader
" type="org.testng.TestNGException">
      <![CDATA[org.testng.TestNGException: 
Some DataProvider public static java.lang.Object[][] com.qa.zoho.utils.DataUtil.getData(java.lang.String,com.qa.zoho.utils.ExcelReader) parameters unresolved:  at 0 type class java.lang.String
 at 1 type class com.qa.zoho.utils.ExcelReader

at org.testng.internal.MethodInvocationHelper.getParameters(MethodInvocationHelper.java:197)
at org.testng.internal.MethodInvocationHelper.invokeDataProvider(MethodInvocationHelper.java:130)
at org.testng.internal.Parameters.handleParameters(Parameters.java:706)
at org.testng.internal.ParameterHandler.handleParameters(ParameterHandler.java:49)
at org.testng.internal.ParameterHandler.createParameters(ParameterHandler.java:37)
at org.testng.internal.Invoker.invokeTestMethods(Invoker.java:924)
at org.testng.internal.TestMethodWorker.invokeTestMethods(TestMethodWorker.java:125)
at org.testng.internal.TestMethodWorker.run(TestMethodWorker.java:109)
at org.testng.TestRunner.privateRun(TestRunner.java:648)
at org.testng.TestRunner.run(TestRunner.java:505)
at org.testng.SuiteRunner.runTest(SuiteRunner.java:455)
at org.testng.SuiteRunner.access$000(SuiteRunner.java:40)
at org.testng.SuiteRunner$SuiteWorker.run(SuiteRunner.java:489)
at org.testng.internal.thread.ThreadUtil$1.call(ThreadUtil.java:52)
at java.base/java.util.concurrent.FutureTask.run(FutureTask.java:264)
at java.base/java.util.concurrent.ThreadPoolExecutor.runWorker(ThreadPoolExecutor.java:1135)
at java.base/java.util.concurrent.ThreadPoolExecutor$Worker.run(ThreadPoolExecutor.java:635)
at java.base/java.lang.Thread.run(Thread.java:844)
]]>
    </error>
  </testcase> <!-- doLogIn -->
</testsuite> <!-- com.qa.zoho.tests.TestCase02 -->
