<?xml version="1.0" encoding="UTF-8"?>
<!-- Generated by org.testng.reporters.JUnitReportReporter -->
<testsuite hostname="IN2070121W2" failures="0" tests="2" name="com.qa.zoho.rough.TestCase01" time="63.350" errors="0" timestamp="22 Oct 2018 13:49:59 GMT" skipped="0">
  <testcase classname="com.qa.zoho.rough.TestCase01" name="doLogIn" time="33.521"/>
  <testcase classname="com.qa.zoho.rough.TestCase01" name="doLogIn" time="29.829"/>
</testsuite> <!-- com.qa.zoho.rough.TestCase01 -->
